<?xml version="1.0" encoding="UTF-8"?>
<!-- Generated by org.testng.reporters.JUnitReportReporter -->
<testsuite skipped="0" hostname="DESKTOP-CDUFPR7" name="demo.testng.Annotations3" tests="3" failures="0" timestamp="2020-12-04T12:08:06 EST" time="0.005" errors="0">
  <testcase name="testThree" time="0.001" classname="demo.testng.Annotations3"/>
  <system-out/>
  <testcase name="testOne" time="0.001" classname="demo.testng.Annotations3"/>
  <system-out/>
  <testcase name="testTwo" time="0.003" classname="demo.testng.Annotations3"/>
  <system-out/>
</testsuite> <!-- demo.testng.Annotations3 -->
