<?xml version="1.0" encoding="UTF-8"?>
<!-- Generated by org.testng.reporters.JUnitReportReporter -->
<testsuite skipped="0" hostname="DESKTOP-CDUFPR7" name="demo.testng.Annotations4" tests="3" failures="0" timestamp="2020-11-19T18:48:21 EST" time="0.010" errors="0">
  <testcase name="testThree" time="0.002" classname="demo.testng.Annotations4"/>
  <system-out/>
  <testcase name="testTwo" time="0.001" classname="demo.testng.Annotations4"/>
  <system-out/>
  <testcase name="testOne" time="0.007" classname="demo.testng.Annotations4"/>
  <system-out/>
</testsuite> <!-- demo.testng.Annotations4 -->
