<?xml version="1.0" encoding="UTF-8"?>
<!-- Generated by org.testng.reporters.JUnitReportReporter -->
<testsuite skipped="0" hostname="DESKTOP-CDUFPR7" name="net.techcenture.automation.tests.Random" tests="1" failures="0" timestamp="2020-11-19T16:58:50 EST" time="9.570" errors="0">
  <testcase name="get_all_links_from_a_webpage" time="9.570" classname="net.techcenture.automation.tests.Random"/>
  <system-out/>
</testsuite> <!-- net.techcenture.automation.tests.Random -->
