<?xml version="1.0" encoding="UTF-8"?>
<!-- Generated by org.testng.reporters.JUnitReportReporter -->
<testsuite skipped="0" hostname="DESKTOP-CDUFPR7" name="net.techcenture.automation.tests.LoginTests" tests="1" failures="0" timestamp="2020-11-17T18:51:59 EST" time="12.150" errors="0">
  <testcase name="login_with_invalid_userid" time="12.150" classname="net.techcenture.automation.tests.LoginTests"/>
  <system-out/>
</testsuite> <!-- net.techcenture.automation.tests.LoginTests -->
