<?xml version="1.0" encoding="UTF-8"?>
<!-- Generated by org.testng.reporters.JUnitReportReporter -->
<testsuite skipped="0" hostname="DESKTOP-CDUFPR7" name="net.techcenture.seleniumdemo.ExplicitWaitDemo" tests="1" failures="0" timestamp="2020-12-04T16:35:06 EST" time="9.960" errors="0">
  <testcase name="text_to_be_present" time="9.960" classname="net.techcenture.seleniumdemo.ExplicitWaitDemo"/>
  <system-out/>
</testsuite> <!-- net.techcenture.seleniumdemo.ExplicitWaitDemo -->
