<?xml version="1.0" encoding="UTF-8"?>
<!-- Generated by org.testng.reporters.JUnitReportReporter -->
<testsuite skipped="0" hostname="DESKTOP-CDUFPR7" name="demo.testng.Annotations2" tests="3" failures="0" timestamp="2020-12-04T12:08:06 EST" time="0.008" errors="0">
  <testcase name="testTwo" time="0.002" classname="demo.testng.Annotations2"/>
  <system-out/>
  <testcase name="testOne" time="0.005" classname="demo.testng.Annotations2"/>
  <system-out/>
  <testcase name="testThree" time="0.001" classname="demo.testng.Annotations2"/>
  <system-out/>
</testsuite> <!-- demo.testng.Annotations2 -->
