<?xml version="1.0" encoding="UTF-8"?>
<!-- Generated by org.testng.reporters.JUnitReportReporter -->
<testsuite skipped="0" hostname="DESKTOP-CDUFPR7" name="net.techcenture.seleniumdemo.SelectObjectDemo" tests="1" failures="0" timestamp="2020-12-04T15:09:46 EST" time="20.655" errors="0">
  <testcase name="actions_keys" time="20.655" classname="net.techcenture.seleniumdemo.SelectObjectDemo"/>
  <system-out/>
</testsuite> <!-- net.techcenture.seleniumdemo.SelectObjectDemo -->
