<?xml version="1.0" encoding="UTF-8"?>
<!-- Generated by org.testng.reporters.JUnitReportReporter -->
<testsuite skipped="0" hostname="DESKTOP-CDUFPR7" name="net.techcenture.automation.tests1.Registration" tests="3" failures="0" timestamp="2020-12-05T23:13:59 EST" time="23.732" errors="0">
  <testcase name="RegistrationTest3" time="7.607" classname="net.techcenture.automation.tests1.Registration"/>
  <system-out/>
  <testcase name="RegisterrAuser" time="8.613" classname="net.techcenture.automation.tests1.Registration"/>
  <system-out/>
  <testcase name="RegistrationTest2" time="7.512" classname="net.techcenture.automation.tests1.Registration"/>
  <system-out/>
</testsuite> <!-- net.techcenture.automation.tests1.Registration -->
