<?xml version="1.0" encoding="UTF-8"?>
<!-- Generated by org.testng.reporters.JUnitReportReporter -->
<testsuite skipped="0" hostname="DESKTOP-CDUFPR7" name="net.techcenture.seleniumdemo.DriverSwitch" tests="1" failures="0" timestamp="2020-12-04T17:45:02 EST" time="11.002" errors="0">
  <testcase name="switch_to_window_multiple" time="11.002" classname="net.techcenture.seleniumdemo.DriverSwitch"/>
  <system-out/>
</testsuite> <!-- net.techcenture.seleniumdemo.DriverSwitch -->
