<?xml version="1.0" encoding="UTF-8"?>
<!-- Generated by org.testng.reporters.JUnitReportReporter -->
<testsuite skipped="0" hostname="DESKTOP-CDUFPR7" name="net.techcenture.automation.tests1.Search" tests="1" failures="0" timestamp="2020-12-05T23:20:57 EST" time="9.222" errors="0">
  <testcase name="SearchTest1" time="9.222" classname="net.techcenture.automation.tests1.Search"/>
  <system-out/>
</testsuite> <!-- net.techcenture.automation.tests1.Search -->
