<?xml version="1.0" encoding="UTF-8"?>
<!-- Generated by org.testng.reporters.JUnitReportReporter -->
<testsuite skipped="0" hostname="DESKTOP-CDUFPR7" name="demo.testng.Annotations" tests="5" failures="0" timestamp="2020-11-17T21:11:24 EST" time="39.996" errors="0">
  <testcase name="login_scen_4" time="8.368" classname="demo.testng.Annotations"/>
  <system-out/>
  <testcase name="login_scen_3" time="8.998" classname="demo.testng.Annotations"/>
  <system-out/>
  <testcase name="login_scen_1" time="7.771" classname="demo.testng.Annotations"/>
  <system-out/>
  <testcase name="login_scen_2" time="7.227" classname="demo.testng.Annotations"/>
  <system-out/>
  <testcase name="login_scen_5" time="7.632" classname="demo.testng.Annotations"/>
  <system-out/>
</testsuite> <!-- demo.testng.Annotations -->
